#
# A fatal error has been detected by the Java Runtime Environment:
#
#  SIGSEGV (0xb) at pc=0x00007f62ed270502, pid=14140, tid=140062663464704
#
# JRE version: OpenJDK Runtime Environment (7.0_91-b02) (build 1.7.0_91-b02)
# Java VM: OpenJDK 64-Bit Server VM (24.91-b01 mixed mode linux-amd64 compressed oops)
# Derivative: IcedTea 2.6.3
# Distribution: Ubuntu 14.04 LTS, package 7u91-2.6.3-0ubuntu0.14.04.1
# Problematic frame:
# V  [libjvm.so+0x71e502]  PhaseIdealLoop::build_loop_late(VectorSet&, Node_List&, Node_Stack&)+0xc2
#
# Failed to write core dump. Core dumps have been disabled. To enable core dumping, try "ulimit -c unlimited" before starting Java again
#
# If you would like to submit a bug report, please include
# instructions on how to reproduce the bug and visit:
#   http://icedtea.classpath.org/bugzilla
#

---------------  T H R E A D  ---------------

Current thread (0x00007f62e80af000):  JavaThread "C2 CompilerThread1" daemon [_thread_in_native, id=14152, stack(0x00007f62e13d5000,0x00007f62e14d6000)]

siginfo:si_signo=SIGSEGV: si_errno=0, si_code=2 (SEGV_ACCERR), si_addr=0x00007f62bc32e5e8

Registers:
RAX=0x00007f62a924d8b0, RBX=0x00007f62a924d800, RCX=0x0000000000000000, RDX=0x0000000000000001
RSP=0x00007f62e14d1010, RBP=0x00007f62e14d1070, RSI=0x0000000000000155, RDI=0x0000000000000100
R8 =0x00007f62b4cc5be0, R9 =0x00007f62bc32e5c0, R10=0x0000000000000001, R11=0x0000000000000000
R12=0x00007f62e14d1110, R13=0x00007f62e14d10f0, R14=0x00007f62e14d28d0, R15=0x00007f62e14d10d0
RIP=0x00007f62ed270502, EFLAGS=0x0000000000010202, CSGSFS=0x0000000000000033, ERR=0x0000000000000004
  TRAPNO=0x000000000000000e

Top of Stack: (sp=0x00007f62e14d1010)
0x00007f62e14d1010:   0000000000000000 00007f62e14d3270
0x00007f62e14d1020:   00007f62a9125e50 000000c800000004
0x00007f62e14d1030:   00007f62000000ee 00007f62a924d800
0x00007f62e14d1040:   00007f62e14d1070 00007f62e801cb90
0x00007f62e14d1050:   00007f62e14d1110 00007f62e14d28d0
0x00007f62e14d1060:   00007f62e14d10f0 0000000000000001
0x00007f62e14d1070:   00007f62e14d1380 00007f62ed271601
0x00007f62e14d1080:   00007f62e14d10d0 01000062ed2b80a9
0x00007f62e14d1090:   0000000100000000 00007f62e14d28f0
0x00007f62e14d10a0:   0000000000000000 00000000001377c8
0x00007f62e14d10b0:   00007f62b433b698 00007f62b4333700
0x00007f62e14d10c0:   00007f62e14d10d0 00007f62b43336b0
0x00007f62e14d10d0:   00007f62ed90e450 00007f62e801cb90
0x00007f62e14d10e0:   00007f6200000200 00007f62b497dea0
0x00007f62e14d10f0:   00007f62a8a9da80 00007f62a8ab8450
0x00007f62e14d1100:   00007f62a8a9da80 00007f62e801cb90
0x00007f62e14d1110:   00007f62e801cb90 00007f6200001000
0x00007f62e14d1120:   00007f62a837cef0 00000000000008e2
0x00007f62e14d1130:   00007f62e801cb90 0000000000000004
0x00007f62e14d1140:   00007f62b402daf0 0000007b00000000
0x00007f62e14d1150:   0000000000000000 00007f62e14d117f
0x00007f62e14d1160:   00007f62e14d1ea0 00007f62a9282140
0x00007f62e14d1170:   00007f620000007c 00007f62ed2b9ee8
0x00007f62e14d1180:   00007f62e14d1ea0 00007f62b4b55020
0x00007f62e14d1190:   00007f62e14d1250 00007f62ecf1408f
0x00007f62e14d11a0:   00007f62a89847e0 00007f62a8000020
0x00007f62e14d11b0:   0000000000020010 0000000000000000
0x00007f62e14d11c0:   0000000000000000 0000000000020010
0x00007f62e14d11d0:   0000000000000000 00007f62a86000a0
0x00007f62e14d11e0:   00007f62e14d1200 0000000000000b00
0x00007f62e14d11f0:   00007f62e14d1250 00007f62ed31a88e
0x00007f62e14d1200:   0000000000000000 00007f62e14d1ea0 

Instructions: (pc=0x00007f62ed270502)
0x00007f62ed2704e2:   07 4c 89 ff ff 50 20 44 8b 53 20 31 d2 90 41 39
0x00007f62ed2704f2:   d2 76 7b 48 8b 43 10 89 d1 83 c2 01 4c 8b 0c c8
0x00007f62ed270502:   41 8b 71 28 41 3b 76 28 0f 82 90 00 00 00 49 83
0x00007f62ed270512:   79 10 00 0f 84 96 00 00 00 41 8b 86 b8 09 00 00 

Register to memory mapping:

RAX=0x00007f62a924d8b0 is an unknown value
RBX=0x00007f62a924d800 is an unknown value
RCX=0x0000000000000000 is an unknown value
RDX=0x0000000000000001 is an unknown value
RSP=0x00007f62e14d1010 is pointing into the stack for thread: 0x00007f62e80af000
RBP=0x00007f62e14d1070 is pointing into the stack for thread: 0x00007f62e80af000
RSI=0x0000000000000155 is an unknown value
RDI=0x0000000000000100 is an unknown value
R8 =0x00007f62b4cc5be0 is an unknown value
R9 =0x00007f62bc32e5c0 is an unknown value
R10=0x0000000000000001 is an unknown value
R11=0x0000000000000000 is an unknown value
R12=0x00007f62e14d1110 is pointing into the stack for thread: 0x00007f62e80af000
R13=0x00007f62e14d10f0 is pointing into the stack for thread: 0x00007f62e80af000
R14=0x00007f62e14d28d0 is pointing into the stack for thread: 0x00007f62e80af000
R15=0x00007f62e14d10d0 is pointing into the stack for thread: 0x00007f62e80af000


Stack: [0x00007f62e13d5000,0x00007f62e14d6000],  sp=0x00007f62e14d1010,  free space=1008k
Native frames: (J=compiled Java code, j=interpreted, Vv=VM code, C=native code)
V  [libjvm.so+0x71e502]  PhaseIdealLoop::build_loop_late(VectorSet&, Node_List&, Node_Stack&)+0xc2
V  [libjvm.so+0x71f601]  PhaseIdealLoop::build_and_optimize(bool, bool)+0x8c1
V  [libjvm.so+0x4419ef]  Compile::Optimize()+0xa5f
V  [libjvm.so+0x4434ed]  Compile::Compile(ciEnv*, C2Compiler*, ciMethod*, int, bool, bool)+0xfcd
V  [libjvm.so+0x3b15ea]  C2Compiler::compile_method(ciEnv*, ciMethod*, int)+0xca
V  [libjvm.so+0x4493b7]  CompileBroker::invoke_compiler_on_method(CompileTask*)+0x327
V  [libjvm.so+0x44a4c0]  CompileBroker::compiler_thread_loop()+0x3a0
V  [libjvm.so+0x906c70]  JavaThread::thread_main_inner()+0xf0
V  [libjvm.so+0x906ee1]  JavaThread::run()+0x221
V  [libjvm.so+0x7cc742]  java_start(Thread*)+0xf2


Current CompileTask:
C2:  47166 1057   !         org.sonatype.aether.impl.internal.DefaultArtifactResolver::resolve (1918 bytes)


---------------  P R O C E S S  ---------------

Java Threads: ( => current thread )
  0x00007f62e88d8800 JavaThread "resolver-5" daemon [_thread_blocked, id=14172, stack(0x00007f62d3065000,0x00007f62d3166000)]
  0x00007f62e866a800 JavaThread "resolver-4" daemon [_thread_blocked, id=14171, stack(0x00007f62d3166000,0x00007f62d3267000)]
  0x00007f62e834d000 JavaThread "resolver-3" daemon [_thread_blocked, id=14170, stack(0x00007f62d3267000,0x00007f62d3368000)]
  0x00007f62e834c000 JavaThread "resolver-2" daemon [_thread_blocked, id=14169, stack(0x00007f62d3368000,0x00007f62d3469000)]
  0x00007f62e88da000 JavaThread "resolver-1" daemon [_thread_blocked, id=14168, stack(0x00007f62d3469000,0x00007f62d356a000)]
  0x00007f62e8536000 JavaThread "process reaper" daemon [_thread_blocked, id=14157, stack(0x00007f62e00e8000,0x00007f62e0121000)]
  0x00007f62e810f800 JavaThread "Monitor Ctrl-Break" daemon [_thread_in_native, id=14155, stack(0x00007f62e0ed0000,0x00007f62e0fd1000)]
  0x00007f62e80b1800 JavaThread "Service Thread" daemon [_thread_blocked, id=14153, stack(0x00007f62e12d4000,0x00007f62e13d5000)]
=>0x00007f62e80af000 JavaThread "C2 CompilerThread1" daemon [_thread_in_native, id=14152, stack(0x00007f62e13d5000,0x00007f62e14d6000)]
  0x00007f62e80ac000 JavaThread "C2 CompilerThread0" daemon [_thread_blocked, id=14151, stack(0x00007f62e14d6000,0x00007f62e15d7000)]
  0x00007f62e80aa000 JavaThread "Signal Dispatcher" daemon [_thread_blocked, id=14150, stack(0x00007f62e15d7000,0x00007f62e16d8000)]
  0x00007f62e807c000 JavaThread "Finalizer" daemon [_thread_blocked, id=14149, stack(0x00007f62e1dbb000,0x00007f62e1ebc000)]
  0x00007f62e807a000 JavaThread "Reference Handler" daemon [_thread_blocked, id=14148, stack(0x00007f62e1ebc000,0x00007f62e1fbd000)]
  0x00007f62e800a800 JavaThread "main" [_thread_blocked, id=14142, stack(0x00007f62ee66f000,0x00007f62ee770000)]

Other Threads:
  0x00007f62e8076000 VMThread [stack: 0x00007f62e1fbd000,0x00007f62e20be000] [id=14147]
  0x00007f62e80bc000 WatcherThread [stack: 0x00007f62e11d3000,0x00007f62e12d4000] [id=14154]

VM state:at safepoint (normal execution)

VM Mutex/Monitor currently owned by a thread:  ([mutex/lock_event])
[0x00007f62e8006b50] Threads_lock - owner thread: 0x00007f62e8076000
[0x00007f62e8007050] Heap_lock - owner thread: 0x00007f62e800a800

Heap
 PSYoungGen      total 517632K, used 513520K [0x00000007d7c80000, 0x0000000800000000, 0x0000000800000000)
  eden space 496640K, 100% used [0x00000007d7c80000,0x00000007f6180000,0x00000007f6180000)
  from space 20992K, 80% used [0x00000007f6180000,0x00000007f71fc3d0,0x00000007f7600000)
  to   space 22528K, 12% used [0x00000007fea00000,0x00000007feccc010,0x0000000800000000)
 ParOldGen       total 81920K, used 31878K [0x0000000787600000, 0x000000078c600000, 0x00000007d7c80000)
  object space 81920K, 38% used [0x0000000787600000,0x0000000789521848,0x000000078c600000)
 PSPermGen       total 21504K, used 15538K [0x000000077d000000, 0x000000077e500000, 0x0000000787600000)
  object space 21504K, 72% used [0x000000077d000000,0x000000077df2c8d8,0x000000077e500000)

Card table byte_map: [0x00007f62e3d62000,0x00007f62e417b000] byte_map_base: 0x00007f62e017a000

Polling page: 0x00007f62ee78e000

Code Cache  [0x00007f62e417b000, 0x00007f62e452b000, 0x00007f62e717b000)
 total_blobs=1228 nmethods=944 adapters=237 free_code_cache=45492Kb largest_free_block=46478656

Compilation events (10 events):
Event: 46.348 Thread 0x00007f62e80ac000 nmethod 1054 0x00007f62e44c1650 code [0x00007f62e44c17a0, 0x00007f62e44c1878]
Event: 46.348 Thread 0x00007f62e80ac000 1055             java.util.concurrent.locks.ReentrantLock::tryLock (9 bytes)
Event: 46.350 Thread 0x00007f62e80ac000 nmethod 1055 0x00007f62e44c4890 code [0x00007f62e44c49e0, 0x00007f62e44c4b18]
Event: 46.350 Thread 0x00007f62e80ac000 1056   !         org.apache.maven.model.building.DefaultModelBuilder::importDependencyManagement (948 bytes)
Event: 46.686 Thread 0x00007f62e80af000 nmethod 1040 0x00007f62e450b790 code [0x00007f62e450c0a0, 0x00007f62e4513100]
Event: 46.686 Thread 0x00007f62e80af000 1057   !         org.sonatype.aether.impl.internal.DefaultArtifactResolver::resolve (1918 bytes)
Event: 47.061 Thread 0x00007f62e80ac000 nmethod 1056 0x00007f62e451e750 code [0x00007f62e451eee0, 0x00007f62e4522ca0]
Event: 47.061 Thread 0x00007f62e80ac000 1058             org.sonatype.aether.impl.internal.SimpleLocalRepositoryManager::getRepository (5 bytes)
Event: 47.061 Thread 0x00007f62e80ac000 nmethod 1058 0x00007f62e44c4690 code [0x00007f62e44c47c0, 0x00007f62e44c4838]
Event: 47.061 Thread 0x00007f62e80ac000 1059             org.sonatype.aether.impl.internal.DefaultRemoteRepositoryManager::aggregateRepositories (368 bytes)

GC Heap History (10 events):
Event: 14.814 GC heap after
Heap after GC invocations=5 (full 0):
 PSYoungGen      total 130048K, used 5120K [0x00000007d7c80000, 0x00000007e8880000, 0x0000000800000000)
  eden space 124928K, 0% used [0x00000007d7c80000,0x00000007d7c80000,0x00000007df680000)
  from space 5120K, 100% used [0x00000007df680000,0x00000007dfb80000,0x00000007dfb80000)
  to   space 12288K, 0% used [0x00000007e7c80000,0x00000007e7c80000,0x00000007e8880000)
 ParOldGen       total 81920K, used 11925K [0x0000000787600000, 0x000000078c600000, 0x00000007d7c80000)
  object space 81920K, 14% used [0x0000000787600000,0x00000007881a5778,0x000000078c600000)
 PSPermGen       total 21504K, used 13376K [0x000000077d000000, 0x000000077e500000, 0x0000000787600000)
  object space 21504K, 62% used [0x000000077d000000,0x000000077dd10290,0x000000077e500000)
}
Event: 17.636 GC heap before
{Heap before GC invocations=6 (full 0):
 PSYoungGen      total 130048K, used 130048K [0x00000007d7c80000, 0x00000007e8880000, 0x0000000800000000)
  eden space 124928K, 100% used [0x00000007d7c80000,0x00000007df680000,0x00000007df680000)
  from space 5120K, 100% used [0x00000007df680000,0x00000007dfb80000,0x00000007dfb80000)
  to   space 12288K, 0% used [0x00000007e7c80000,0x00000007e7c80000,0x00000007e8880000)
 ParOldGen       total 81920K, used 11925K [0x0000000787600000, 0x000000078c600000, 0x00000007d7c80000)
  object space 81920K, 14% used [0x0000000787600000,0x00000007881a5778,0x000000078c600000)
 PSPermGen       total 21504K, used 13490K [0x000000077d000000, 0x000000077e500000, 0x0000000787600000)
  object space 21504K, 62% used [0x000000077d000000,0x000000077dd2caf0,0x000000077e500000)
Event: 17.701 GC heap after
Heap after GC invocations=6 (full 0):
 PSYoungGen      total 261120K, used 11040K [0x00000007d7c80000, 0x00000007e8a80000, 0x0000000800000000)
  eden space 248832K, 0% used [0x00000007d7c80000,0x00000007d7c80000,0x00000007e6f80000)
  from space 12288K, 89% used [0x00000007e7c80000,0x00000007e8748020,0x00000007e8880000)
  to   space 13312K, 0% used [0x00000007e6f80000,0x00000007e6f80000,0x00000007e7c80000)
 ParOldGen       total 81920K, used 11925K [0x0000000787600000, 0x000000078c600000, 0x00000007d7c80000)
  object space 81920K, 14% used [0x0000000787600000,0x00000007881a5778,0x000000078c600000)
 PSPermGen       total 21504K, used 13490K [0x000000077d000000, 0x000000077e500000, 0x0000000787600000)
  object space 21504K, 62% used [0x000000077d000000,0x000000077dd2caf0,0x000000077e500000)
}
Event: 25.387 GC heap before
{Heap before GC invocations=7 (full 0):
 PSYoungGen      total 261120K, used 259872K [0x00000007d7c80000, 0x00000007e8a80000, 0x0000000800000000)
  eden space 248832K, 100% used [0x00000007d7c80000,0x00000007e6f80000,0x00000007e6f80000)
  from space 12288K, 89% used [0x00000007e7c80000,0x00000007e8748020,0x00000007e8880000)
  to   space 13312K, 0% used [0x00000007e6f80000,0x00000007e6f80000,0x00000007e7c80000)
 ParOldGen       total 81920K, used 11925K [0x0000000787600000, 0x000000078c600000, 0x00000007d7c80000)
  object space 81920K, 14% used [0x0000000787600000,0x00000007881a5778,0x000000078c600000)
 PSPermGen       total 21504K, used 15203K [0x000000077d000000, 0x000000077e500000, 0x0000000787600000)
  object space 21504K, 70% used [0x000000077d000000,0x000000077ded8cf0,0x000000077e500000)
Event: 25.660 GC heap after
Heap after GC invocations=7 (full 0):
 PSYoungGen      total 262144K, used 13296K [0x00000007d7c80000, 0x00000007f8980000, 0x0000000800000000)
  eden space 248832K, 0% used [0x00000007d7c80000,0x00000007d7c80000,0x00000007e6f80000)
  from space 13312K, 99% used [0x00000007e6f80000,0x00000007e7c7c3b0,0x00000007e7c80000)
  to   space 19968K, 0% used [0x00000007f7600000,0x00000007f7600000,0x00000007f8980000)
 ParOldGen       total 81920K, used 20741K [0x0000000787600000, 0x000000078c600000, 0x00000007d7c80000)
  object space 81920K, 25% used [0x0000000787600000,0x0000000788a41620,0x000000078c600000)
 PSPermGen       total 21504K, used 15203K [0x000000077d000000, 0x000000077e500000, 0x0000000787600000)
  object space 21504K, 70% used [0x000000077d000000,0x000000077ded8cf0,0x000000077e500000)
}
Event: 34.078 GC heap before
{Heap before GC invocations=8 (full 0):
 PSYoungGen      total 262144K, used 262128K [0x00000007d7c80000, 0x00000007f8980000, 0x0000000800000000)
  eden space 248832K, 100% used [0x00000007d7c80000,0x00000007e6f80000,0x00000007e6f80000)
  from space 13312K, 99% used [0x00000007e6f80000,0x00000007e7c7c3b0,0x00000007e7c80000)
  to   space 19968K, 0% used [0x00000007f7600000,0x00000007f7600000,0x00000007f8980000)
 ParOldGen       total 81920K, used 20741K [0x0000000787600000, 0x000000078c600000, 0x00000007d7c80000)
  object space 81920K, 25% used [0x0000000787600000,0x0000000788a41620,0x000000078c600000)
 PSPermGen       total 21504K, used 15323K [0x000000077d000000, 0x000000077e500000, 0x0000000787600000)
  object space 21504K, 71% used [0x000000077d000000,0x000000077def6d18,0x000000077e500000)
Event: 34.234 GC heap after
Heap after GC invocations=8 (full 0):
 PSYoungGen      total 516608K, used 14752K [0x00000007d7c80000, 0x00000007f8b80000, 0x0000000800000000)
  eden space 496640K, 0% used [0x00000007d7c80000,0x00000007d7c80000,0x00000007f6180000)
  from space 19968K, 73% used [0x00000007f7600000,0x00000007f84683e0,0x00000007f8980000)
  to   space 20992K, 0% used [0x00000007f6180000,0x00000007f6180000,0x00000007f7600000)
 ParOldGen       total 81920K, used 22637K [0x0000000787600000, 0x000000078c600000, 0x00000007d7c80000)
  object space 81920K, 27% used [0x0000000787600000,0x0000000788c1b650,0x000000078c600000)
 PSPermGen       total 21504K, used 15323K [0x000000077d000000, 0x000000077e500000, 0x0000000787600000)
  object space 21504K, 71% used [0x000000077d000000,0x000000077def6d18,0x000000077e500000)
}
Event: 41.271 GC heap before
{Heap before GC invocations=9 (full 0):
 PSYoungGen      total 516608K, used 511392K [0x00000007d7c80000, 0x00000007f8b80000, 0x0000000800000000)
  eden space 496640K, 100% used [0x00000007d7c80000,0x00000007f6180000,0x00000007f6180000)
  from space 19968K, 73% used [0x00000007f7600000,0x00000007f84683e0,0x00000007f8980000)
  to   space 20992K, 0% used [0x00000007f6180000,0x00000007f6180000,0x00000007f7600000)
 ParOldGen       total 81920K, used 22637K [0x0000000787600000, 0x000000078c600000, 0x00000007d7c80000)
  object space 81920K, 27% used [0x0000000787600000,0x0000000788c1b650,0x000000078c600000)
 PSPermGen       total 21504K, used 15422K [0x000000077d000000, 0x000000077e500000, 0x0000000787600000)
  object space 21504K, 71% used [0x000000077d000000,0x000000077df0fb90,0x000000077e500000)
Event: 41.348 GC heap after
Heap after GC invocations=9 (full 0):
 PSYoungGen      total 517632K, used 16880K [0x00000007d7c80000, 0x0000000800000000, 0x0000000800000000)
  eden space 496640K, 0% used [0x00000007d7c80000,0x00000007d7c80000,0x00000007f6180000)
  from space 20992K, 80% used [0x00000007f6180000,0x00000007f71fc3d0,0x00000007f7600000)
  to   space 22528K, 0% used [0x00000007fea00000,0x00000007fea00000,0x0000000800000000)
 ParOldGen       total 81920K, used 27254K [0x0000000787600000, 0x000000078c600000, 0x00000007d7c80000)
  object space 81920K, 33% used [0x0000000787600000,0x000000078909da18,0x000000078c600000)
 PSPermGen       total 21504K, used 15422K [0x000000077d000000, 0x000000077e500000, 0x0000000787600000)
  object space 21504K, 71% used [0x000000077d000000,0x000000077df0fb90,0x000000077e500000)
}
Event: 47.130 GC heap before
{Heap before GC invocations=10 (full 0):
 PSYoungGen      total 517632K, used 513520K [0x00000007d7c80000, 0x0000000800000000, 0x0000000800000000)
  eden space 496640K, 100% used [0x00000007d7c80000,0x00000007f6180000,0x00000007f6180000)
  from space 20992K, 80% used [0x00000007f6180000,0x00000007f71fc3d0,0x00000007f7600000)
  to   space 22528K, 0% used [0x00000007fea00000,0x00000007fea00000,0x0000000800000000)
 ParOldGen       total 81920K, used 27254K [0x0000000787600000, 0x000000078c600000, 0x00000007d7c80000)
  object space 81920K, 33% used [0x0000000787600000,0x000000078909da18,0x000000078c600000)
 PSPermGen       total 21504K, used 15538K [0x000000077d000000, 0x000000077e500000, 0x0000000787600000)
  object space 21504K, 72% used [0x000000077d000000,0x000000077df2c8d8,0x000000077e500000)

Deoptimization events (10 events):
Event: 41.480 Thread 0x00007f62e834c000 Uncommon trap: reason=unstable_if action=reinterpret pc=0x00007f62e43a9740 method=java.lang.ThreadLocal.get()Ljava/lang/Object; @ 11
Event: 41.480 Thread 0x00007f62e834c000 Uncommon trap: reason=null_check action=make_not_entrant pc=0x00007f62e41f2a48 method=java.lang.StringCoding.deref(Ljava/lang/ThreadLocal;)Ljava/lang/Object; @ 4
Event: 41.487 Thread 0x00007f62e834d000 Uncommon trap: reason=unstable_if action=reinterpret pc=0x00007f62e440d130 method=java.lang.ThreadLocal.get()Ljava/lang/Object; @ 11
Event: 41.492 Thread 0x00007f62e866a800 Uncommon trap: reason=unstable_if action=reinterpret pc=0x00007f62e42ad264 method=java.lang.ThreadLocal.get()Ljava/lang/Object; @ 11
Event: 41.497 Thread 0x00007f62e800a800 Uncommon trap: reason=unstable_if action=reinterpret pc=0x00007f62e4301fc0 method=java.util.concurrent.locks.AbstractQueuedSynchronizer.release(I)Z @ 14
Event: 41.754 Thread 0x00007f62e800a800 Uncommon trap: reason=predicate action=maybe_recompile pc=0x00007f62e42fd4b8 method=org.sonatype.aether.impl.internal.DefaultRemoteRepositoryManager.aggregateRepositories(Lorg/sonatype/aether/RepositorySystemSession;Ljava/util/List;Ljava/util/List;Z)Ljava
Event: 41.774 Thread 0x00007f62e800a800 Uncommon trap: reason=unstable_if action=reinterpret pc=0x00007f62e434c3ac method=org.apache.maven.project.DefaultProjectBuildingHelper.createArtifactRepositories(Ljava/util/List;Ljava/util/List;Lorg/apache/maven/project/ProjectBuildingRequest;)Ljava/util
Event: 44.866 Thread 0x00007f62e800a800 Uncommon trap: reason=class_check action=maybe_recompile pc=0x00007f62e433a6a4 method=org.apache.maven.model.building.DefaultModelBuilder.importDependencyManagement(Lorg/apache/maven/model/Model;Lorg/apache/maven/model/building/ModelBuildingRequest;Lorg/a
Event: 44.872 Thread 0x00007f62e800a800 Uncommon trap: reason=class_check action=maybe_recompile pc=0x00007f62e433a6a4 method=org.apache.maven.model.building.DefaultModelBuilder.importDependencyManagement(Lorg/apache/maven/model/Model;Lorg/apache/maven/model/building/ModelBuildingRequest;Lorg/a
Event: 45.424 Thread 0x00007f62e800a800 Uncommon trap: reason=unstable_if action=reinterpret pc=0x00007f62e42e75bc method=org.apache.maven.model.io.xpp3.MavenXpp3ReaderEx.parseDeveloper(Lorg/codehaus/plexus/util/xml/pull/XmlPullParser;ZLorg/apache/maven/model/InputSource;)Lorg/apache/maven/mode

Internal exceptions (10 events):
Event: 41.732 Thread 0x00007f62e800a800 Threw 0x00000007d85fafb8 at /build/openjdk-7-zaTxYK/openjdk-7-7u91-2.6.3/build/openjdk/hotspot/src/share/vm/prims/jvm.cpp:1322
Event: 41.734 Thread 0x00007f62e800a800 Threw 0x00000007d8602b00 at /build/openjdk-7-zaTxYK/openjdk-7-7u91-2.6.3/build/openjdk/hotspot/src/share/vm/prims/jvm.cpp:1322
Event: 41.734 Thread 0x00007f62e800a800 Threw 0x00000007d86036c0 at /build/openjdk-7-zaTxYK/openjdk-7-7u91-2.6.3/build/openjdk/hotspot/src/share/vm/prims/jvm.cpp:1322
Event: 41.734 Thread 0x00007f62e800a800 Threw 0x00000007d8608f30 at /build/openjdk-7-zaTxYK/openjdk-7-7u91-2.6.3/build/openjdk/hotspot/src/share/vm/prims/jvm.cpp:1322
Event: 41.734 Thread 0x00007f62e800a800 Threw 0x00000007d860a868 at /build/openjdk-7-zaTxYK/openjdk-7-7u91-2.6.3/build/openjdk/hotspot/src/share/vm/prims/jvm.cpp:1322
Event: 41.734 Thread 0x00007f62e800a800 Threw 0x00000007d860b1c8 at /build/openjdk-7-zaTxYK/openjdk-7-7u91-2.6.3/build/openjdk/hotspot/src/share/vm/prims/jvm.cpp:1322
Event: 41.735 Thread 0x00007f62e800a800 Threw 0x00000007d8611c88 at /build/openjdk-7-zaTxYK/openjdk-7-7u91-2.6.3/build/openjdk/hotspot/src/share/vm/prims/jvm.cpp:1322
Event: 41.735 Thread 0x00007f62e800a800 Threw 0x00000007d8612868 at /build/openjdk-7-zaTxYK/openjdk-7-7u91-2.6.3/build/openjdk/hotspot/src/share/vm/prims/jvm.cpp:1322
Event: 41.739 Thread 0x00007f62e800a800 Threw 0x00000007d861db98 at /build/openjdk-7-zaTxYK/openjdk-7-7u91-2.6.3/build/openjdk/hotspot/src/share/vm/prims/jvm.cpp:1322
Event: 41.739 Thread 0x00007f62e800a800 Threw 0x00000007d861e4e0 at /build/openjdk-7-zaTxYK/openjdk-7-7u91-2.6.3/build/openjdk/hotspot/src/share/vm/prims/jvm.cpp:1322

Events (10 events):
Event: 44.866 Thread 0x00007f62e800a800 Uncommon trap: trap_request=0xffffffde fr.pc=0x00007f62e433a6a4
Event: 44.866 Thread 0x00007f62e800a800 DEOPT PACKING pc=0x00007f62e433a6a4 sp=0x00007f62ee76cbb0
Event: 44.866 Thread 0x00007f62e800a800 DEOPT UNPACKING pc=0x00007f62e41b4045 sp=0x00007f62ee76cb78 mode 2
Event: 44.872 Thread 0x00007f62e800a800 Uncommon trap: trap_request=0xffffffde fr.pc=0x00007f62e433a6a4
Event: 44.872 Thread 0x00007f62e800a800 DEOPT PACKING pc=0x00007f62e433a6a4 sp=0x00007f62ee76c8e0
Event: 44.872 Thread 0x00007f62e800a800 DEOPT UNPACKING pc=0x00007f62e41b4045 sp=0x00007f62ee76c8a8 mode 2
Event: 45.424 Thread 0x00007f62e800a800 Uncommon trap: trap_request=0xffffff75 fr.pc=0x00007f62e42e75bc
Event: 45.424 Thread 0x00007f62e800a800 DEOPT PACKING pc=0x00007f62e42e75bc sp=0x00007f62ee76c940
Event: 45.424 Thread 0x00007f62e800a800 DEOPT UNPACKING pc=0x00007f62e41b4045 sp=0x00007f62ee76c920 mode 2
Event: 47.130 Executing VM operation: ParallelGCFailedAllocation


Dynamic libraries:
00400000-00401000 r-xp 00000000 08:01 1841608                            /usr/lib/jvm/java-7-openjdk-amd64/jre/bin/java
00600000-00601000 r--p 00000000 08:01 1841608                            /usr/lib/jvm/java-7-openjdk-amd64/jre/bin/java
00601000-00602000 rw-p 00001000 08:01 1841608                            /usr/lib/jvm/java-7-openjdk-amd64/jre/bin/java
016d2000-016f3000 rw-p 00000000 00:00 0                                  [heap]
77d000000-77e500000 rw-p 00000000 00:00 0 
77e500000-787600000 rw-p 00000000 00:00 0 
787600000-78c600000 rw-p 00000000 00:00 0 
78c600000-7d7c80000 rw-p 00000000 00:00 0 
7d7c80000-800000000 rw-p 00000000 00:00 0 
7f6288000000-7f6288021000 rw-p 00000000 00:00 0 
7f6288021000-7f628c000000 ---p 00000000 00:00 0 
7f628c000000-7f628c021000 rw-p 00000000 00:00 0 
7f628c021000-7f6290000000 ---p 00000000 00:00 0 
7f6290000000-7f6290021000 rw-p 00000000 00:00 0 
7f6290021000-7f6294000000 ---p 00000000 00:00 0 
7f6294000000-7f6294021000 rw-p 00000000 00:00 0 
7f6294021000-7f6298000000 ---p 00000000 00:00 0 
7f6298000000-7f6298021000 rw-p 00000000 00:00 0 
7f6298021000-7f629c000000 ---p 00000000 00:00 0 
7f629c000000-7f629c021000 rw-p 00000000 00:00 0 
7f629c021000-7f62a0000000 ---p 00000000 00:00 0 
7f62a0000000-7f62a0021000 rw-p 00000000 00:00 0 
7f62a0021000-7f62a4000000 ---p 00000000 00:00 0 
7f62a4000000-7f62a403f000 rw-p 00000000 00:00 0 
7f62a403f000-7f62a8000000 ---p 00000000 00:00 0 
7f62a8000000-7f62a9846000 rw-p 00000000 00:00 0 
7f62a9846000-7f62ac000000 ---p 00000000 00:00 0 
7f62ac000000-7f62ac021000 rw-p 00000000 00:00 0 
7f62ac021000-7f62b0000000 ---p 00000000 00:00 0 
7f62b0000000-7f62b0021000 rw-p 00000000 00:00 0 
7f62b0021000-7f62b4000000 ---p 00000000 00:00 0 
7f62b4000000-7f62b5588000 rw-p 00000000 00:00 0 
7f62b5588000-7f62b8000000 ---p 00000000 00:00 0 
7f62b8000000-7f62b8021000 rw-p 00000000 00:00 0 
7f62b8021000-7f62bc000000 ---p 00000000 00:00 0 
7f62bc000000-7f62bc021000 rw-p 00000000 00:00 0 
7f62bc021000-7f62c0000000 ---p 00000000 00:00 0 
7f62c0000000-7f62c0021000 rw-p 00000000 00:00 0 
7f62c0021000-7f62c4000000 ---p 00000000 00:00 0 
7f62c7e80000-7f62cc000000 rw-p 00000000 00:00 0 
7f62cc000000-7f62cc021000 rw-p 00000000 00:00 0 
7f62cc021000-7f62d0000000 ---p 00000000 00:00 0 
7f62d3065000-7f62d3068000 ---p 00000000 00:00 0 
7f62d3068000-7f62d3166000 rw-p 00000000 00:00 0                          [stack:14172]
7f62d3166000-7f62d3169000 ---p 00000000 00:00 0 
7f62d3169000-7f62d3267000 rw-p 00000000 00:00 0                          [stack:14171]
7f62d3267000-7f62d326a000 ---p 00000000 00:00 0 
7f62d326a000-7f62d3368000 rw-p 00000000 00:00 0                          [stack:14170]
7f62d3368000-7f62d336b000 ---p 00000000 00:00 0 
7f62d336b000-7f62d3469000 rw-p 00000000 00:00 0                          [stack:14169]
7f62d3469000-7f62d346c000 ---p 00000000 00:00 0 
7f62d346c000-7f62d356a000 rw-p 00000000 00:00 0                          [stack:14168]
7f62d356a000-7f62d357a000 r-xp 00000000 08:01 1972143                    /usr/lib/jvm/java-7-openjdk-amd64/jre/lib/amd64/libnio.so
7f62d357a000-7f62d377a000 ---p 00010000 08:01 1972143                    /usr/lib/jvm/java-7-openjdk-amd64/jre/lib/amd64/libnio.so
7f62d377a000-7f62d377b000 r--p 00010000 08:01 1972143                    /usr/lib/jvm/java-7-openjdk-amd64/jre/lib/amd64/libnio.so
7f62d377b000-7f62d377c000 rw-p 00011000 08:01 1972143                    /usr/lib/jvm/java-7-openjdk-amd64/jre/lib/amd64/libnio.so
7f62d377c000-7f62d37b9000 r-xp 00000000 08:01 3674460                    /lib/x86_64-linux-gnu/libpcre.so.3.13.1
7f62d37b9000-7f62d39b8000 ---p 0003d000 08:01 3674460                    /lib/x86_64-linux-gnu/libpcre.so.3.13.1
7f62d39b8000-7f62d39b9000 r--p 0003c000 08:01 3674460                    /lib/x86_64-linux-gnu/libpcre.so.3.13.1
7f62d39b9000-7f62d39ba000 rw-p 0003d000 08:01 3674460                    /lib/x86_64-linux-gnu/libpcre.so.3.13.1
7f62d39ba000-7f62d39c1000 r-xp 00000000 08:01 1442226                    /usr/lib/x86_64-linux-gnu/libffi.so.6.0.1
7f62d39c1000-7f62d3bc0000 ---p 00007000 08:01 1442226                    /usr/lib/x86_64-linux-gnu/libffi.so.6.0.1
7f62d3bc0000-7f62d3bc1000 r--p 00006000 08:01 1442226                    /usr/lib/x86_64-linux-gnu/libffi.so.6.0.1
7f62d3bc1000-7f62d3bc2000 rw-p 00007000 08:01 1442226                    /usr/lib/x86_64-linux-gnu/libffi.so.6.0.1
7f62d3bc2000-7f62d3bd9000 r-xp 00000000 08:01 3674144                    /lib/x86_64-linux-gnu/libresolv-2.19.so
7f62d3bd9000-7f62d3dd9000 ---p 00017000 08:01 3674144                    /lib/x86_64-linux-gnu/libresolv-2.19.so
7f62d3dd9000-7f62d3dda000 r--p 00017000 08:01 3674144                    /lib/x86_64-linux-gnu/libresolv-2.19.so
7f62d3dda000-7f62d3ddb000 rw-p 00018000 08:01 3674144                    /lib/x86_64-linux-gnu/libresolv-2.19.so
7f62d3ddb000-7f62d3ddd000 rw-p 00000000 00:00 0 
7f62d3ddd000-7f62d3dfd000 r-xp 00000000 08:01 3674020                    /lib/x86_64-linux-gnu/libselinux.so.1
7f62d3dfd000-7f62d3ffc000 ---p 00020000 08:01 3674020                    /lib/x86_64-linux-gnu/libselinux.so.1
7f62d3ffc000-7f62d3ffd000 r--p 0001f000 08:01 3674020                    /lib/x86_64-linux-gnu/libselinux.so.1
7f62d3ffd000-7f62d3ffe000 rw-p 00020000 08:01 3674020                    /lib/x86_64-linux-gnu/libselinux.so.1
7f62d3ffe000-7f62d4000000 rw-p 00000000 00:00 0 
7f62d4000000-7f62d4021000 rw-p 00000000 00:00 0 
7f62d4021000-7f62d8000000 ---p 00000000 00:00 0 
7f62d8000000-7f62d8021000 rw-p 00000000 00:00 0 
7f62d8021000-7f62dc000000 ---p 00000000 00:00 0 
7f62dc000000-7f62dc021000 rw-p 00000000 00:00 0 
7f62dc021000-7f62e0000000 ---p 00000000 00:00 0 
7f62e0074000-7f62e0075000 rw-p 00000000 00:00 0 
7f62e0075000-7f62e0079000 r--s 0003c000 08:03 23726507                   /home/randika/.m2/repository/commons-lang/commons-lang/2.4/commons-lang-2.4.jar
7f62e0079000-7f62e0087000 r--s 0007f000 08:03 16781155                   /home/randika/.m2/repository/commons-collections/commons-collections/3.2.1/commons-collections-3.2.1.jar
7f62e0087000-7f62e008f000 r--s 00066000 08:03 16912285                   /home/randika/.m2/repository/org/apache/velocity/velocity/1.7/velocity-1.7.jar
7f62e008f000-7f62e0093000 r--s 00034000 08:03 15863720                   /home/randika/.m2/repository/org/codehaus/plexus/plexus-utils/1.5.15/plexus-utils-1.5.15.jar
7f62e0093000-7f62e0095000 r--s 0000d000 08:03 15863796                   /home/randika/.m2/repository/org/codehaus/plexus/plexus-interpolation/1.12/plexus-interpolation-1.12.jar
7f62e0095000-7f62e0097000 r--s 00004000 08:03 15732033                   /home/randika/.m2/repository/org/codehaus/plexus/plexus-resources/1.0-alpha-7/plexus-resources-1.0-alpha-7.jar
7f62e0097000-7f62e0098000 r--s 00001000 08:03 15859818                   /home/randika/.m2/repository/org/sonatype/plexus/plexus-build-api/0.0.4/plexus-build-api-0.0.4.jar
7f62e0098000-7f62e009a000 r--s 00009000 08:03 22415347                   /home/randika/.m2/repository/org/apache/maven/shared/maven-filtering/1.1/maven-filtering-1.1.jar
7f62e009a000-7f62e009c000 r--s 00006000 08:03 23856896                   /home/randika/.m2/repository/org/apache/maven/shared/maven-common-artifact-filters/1.4/maven-common-artifact-filters-1.4.jar
7f62e009c000-7f62e009e000 r--s 00002000 08:03 15863795                   /home/randika/.m2/repository/org/apache/maven/shared/maven-artifact-resolver/1.0/maven-artifact-resolver-1.0.jar
7f62e009e000-7f62e00a0000 r--s 00002000 08:03 17174172                   /home/randika/.m2/repository/org/sonatype/plexus/plexus-cipher/1.4/plexus-cipher-1.4.jar
7f62e00a0000-7f62e00a1000 r--s 00006000 08:03 17042323                   /home/randika/.m2/repository/org/sonatype/plexus/plexus-sec-dispatcher/1.3/plexus-sec-dispatcher-1.3.jar
7f62e00a1000-7f62e00a9000 r--s 00049000 08:03 16649950                   /home/randika/.m2/repository/backport-util-concurrent/backport-util-concurrent/3.1/backport-util-concurrent-3.1.jar
7f62e00a9000-7f62e00ab000 r--s 00002000 08:03 15730471                   /home/randika/.m2/repository/org/codehaus/plexus/plexus-interactivity-api/1.0-alpha-4/plexus-interactivity-api-1.0-alpha-4.jar
7f62e00ab000-7f62e00ad000 r--s 00009000 08:03 16911935                   /home/randika/.m2/repository/commons-cli/commons-cli/1.2/commons-cli-1.2.jar
7f62e00ad000-7f62e00ae000 r--s 00002000 08:03 16911934                   /home/randika/.m2/repository/org/apache/maven/doxia/doxia-logging-api/1.1/doxia-logging-api-1.1.jar
7f62e00ae000-7f62e00b0000 r--s 00002000 08:03 16911933                   /home/randika/.m2/repository/org/apache/maven/doxia/doxia-sink-api/1.1/doxia-sink-api-1.1.jar
7f62e00b0000-7f62e00b1000 r--s 00002000 08:03 16911932                   /home/randika/.m2/repository/org/apache/maven/reporting/maven-reporting-api/2.2.1/maven-reporting-api-2.2.1.jar
7f62e00b1000-7f62e00b3000 r--s 00003000 08:03 16911928                   /home/randika/.m2/repository/org/slf4j/jcl-over-slf4j/1.5.6/jcl-over-slf4j-1.5.6.jar
7f62e00b3000-7f62e00b5000 r--s 00004000 08:03 16911927                   /home/randika/.m2/repository/org/slf4j/slf4j-api/1.5.6/slf4j-api-1.5.6.jar
7f62e00b5000-7f62e00b7000 r--s 00001000 08:03 16911926                   /home/randika/.m2/repository/org/slf4j/slf4j-jdk14/1.5.6/slf4j-jdk14-1.5.6.jar
7f62e00b7000-7f62e00b8000 r--s 00010000 08:03 15732012                   /home/randika/.m2/repository/org/apache/maven/plugins/maven-remote-resources-plugin/1.5/maven-remote-resources-plugin-1.5.jar
7f62e00b8000-7f62e00bb000 r--s 00027000 08:03 22810213                   /home/randika/.m2/repository/org/codehaus/plexus/plexus-utils/1.1/plexus-utils-1.1.jar
7f62e00bb000-7f62e00bd000 r--s 00006000 08:03 19796745                   /home/randika/.m2/repository/com/google/code/findbugs/jsr305/2.0.1/jsr305-2.0.1.jar
7f62e00bd000-7f62e00c1000 r--s 00026000 08:03 19533628                   /home/randika/.m2/repository/org/apache/maven/shared/maven-shared-utils/0.7/maven-shared-utils-0.7.jar
7f62e00c1000-7f62e00c3000 r--s 00006000 08:03 15732024                   /home/randika/.m2/repository/org/apache/maven/plugins/maven-clean-plugin/2.6.1/maven-clean-plugin-2.6.1.jar
7f62e00c3000-7f62e00c6000 r--s 0002f000 08:03 23728851                   /home/randika/.m2/repository/org/codehaus/plexus/plexus-utils/1.4.7/plexus-utils-1.4.7.jar
7f62e00c6000-7f62e00c9000 r--s 00020000 08:03 22810067                   /home/randika/.m2/repository/org/codehaus/plexus/plexus-archiver/1.0-alpha-7/plexus-archiver-1.0-alpha-7.jar
7f62e00c9000-7f62e00cc000 r--s 0001b000 08:03 15730085                   /home/randika/.m2/repository/junit/junit/3.8.1/junit-3.8.1.jar
7f62e00cc000-7f62e00ce000 r--s 00002000 08:03 17174669                   /home/randika/.m2/repository/org/apache/maven/shared/maven-osgi/0.2.0/maven-osgi-0.2.0.jar
7f62e00ce000-7f62e00d0000 r--s 00007000 08:03 22811452                   /home/randika/.m2/repository/org/apache/maven/shared/maven-dependency-tree/1.1/maven-dependency-tree-1.1.jar
7f62e00d0000-7f62e00d1000 r--s 00002000 08:03 23726497                   /home/randika/.m2/repository/org/apache/maven/maven-archiver/2.2/maven-archiver-2.2.jar
7f62e00d1000-7f62e00d2000 r--s 00002000 08:03 23726492                   /home/randika/.m2/repository/org/apache/felix/org.osgi.service.obr/1.0.1/org.osgi.service.obr-1.0.1.jar
7f62e00d2000-7f62e00d4000 r--s 0000d000 08:03 23726490                   /home/randika/.m2/repository/org/apache/felix/org.osgi.core/1.0.0/org.osgi.core-1.0.0.jar
7f62e00d4000-7f62e00d5000 r--s 00001000 08:03 23726481                   /home/randika/.m2/repository/xmlpull/xmlpull/1.1.3.1/xmlpull-1.1.3.1.jar
7f62e00d5000-7f62e00d6000 r--s 0000a000 08:03 23726480                   /home/randika/.m2/repository/net/sf/kxml/kxml2/2.2.2/kxml2-2.2.2.jar
7f62e00d6000-7f62e00d8000 r--s 00025000 08:03 23728850                   /home/randika/.m2/repository/biz/aQute/bndlib/0.0.238/bndlib-0.0.238.jar
7f62e00d8000-7f62e00db000 r--s 0001f000 08:03 23728852                   /home/randika/.m2/repository/org/apache/felix/maven-bundle-plugin/1.4.0/maven-bundle-plugin-1.4.0.jar
7f62e00db000-7f62e00dc000 r--s 00002000 08:03 17042322                   /home/randika/.m2/repository/org/codehaus/plexus/plexus-interactivity-api/1.0-alpha-6/plexus-interactivity-api-1.0-alpha-6.jar
7f62e00dc000-7f62e00de000 r--s 00005000 08:03 22941275                   /home/randika/.m2/repository/org/apache/maven/wagon/wagon-ssh-common/2.1/wagon-ssh-common-2.1.jar
7f62e00de000-7f62e00e2000 r--s 00034000 08:03 22415335                   /home/randika/.m2/repository/org/codehaus/plexus/plexus-utils/3.0/plexus-utils-3.0.jar
7f62e00e2000-7f62e00e6000 r--s 00031000 08:03 22679598                   /home/randika/.m2/repository/com/jcraft/jsch/0.1.44-1/jsch-0.1.44-1.jar
7f62e00e6000-7f62e00e8000 r--s 00006000 08:03 22811259                   /home/randika/.m2/repository/org/apache/maven/wagon/wagon-ssh/2.1/wagon-ssh-2.1.jar
7f62e00e8000-7f62e00eb000 ---p 00000000 00:00 0 
7f62e00eb000-7f62e0121000 rw-p 00000000 00:00 0                          [stack:14157]
7f62e0121000-7f62e0122000 r--p 00000000 00:00 0 
7f62e0122000-7f62e0127000 r--s 0004e000 08:01 1841631                    /usr/lib/jvm/java-7-openjdk-amd64/jre/lib/jsse.jar
7f62e0127000-7f62e0129000 r--s 0000a000 08:03 4459061                    /home/randika/Documents/WSO2_stuff/idea-IU-141.2735.5/plugins/maven/lib/maven3/lib/maven-settings-3.0.5.jar
7f62e0129000-7f62e012c000 r--s 0001d000 08:03 4458972                    /home/randika/Documents/WSO2_stuff/idea-IU-141.2735.5/plugins/maven/lib/maven3/lib/aether-impl-1.13.1.jar
7f62e012c000-7f62e012f000 r--s 00013000 08:03 4458970                    /home/randika/Documents/WSO2_stuff/idea-IU-141.2735.5/plugins/maven/lib/maven3/lib/aether-api-1.13.1.jar
7f62e012f000-7f62e0131000 r--s 0000b000 08:03 4459075                    /home/randika/Documents/WSO2_stuff/idea-IU-141.2735.5/plugins/maven/lib/maven3/lib/wagon-provider-api-2.8.jar
7f62e0131000-7f62e0133000 r--s 00006000 08:03 4459060                    /home/randika/Documents/WSO2_stuff/idea-IU-141.2735.5/plugins/maven/lib/maven3/lib/maven-repository-metadata-3.0.5.jar
7f62e0133000-7f62e0137000 r--s 0001c000 08:03 4458974                    /home/randika/Documents/WSO2_stuff/idea-IU-141.2735.5/plugins/maven/lib/maven3/lib/aether-util-1.13.1.jar
7f62e0137000-7f62e0139000 r--s 0000b000 08:03 4458981                    /home/randika/Documents/WSO2_stuff/idea-IU-141.2735.5/plugins/maven/lib/maven3/lib/maven-artifact-3.0.5.jar
7f62e0139000-7f62e013a000 r--s 00003000 08:03 4458973                    /home/randika/Documents/WSO2_stuff/idea-IU-141.2735.5/plugins/maven/lib/maven3/lib/aether-spi-1.13.1.jar
7f62e013a000-7f62e013d000 r--s 00008000 08:03 4459062                    /home/randika/Documents/WSO2_stuff/idea-IU-141.2735.5/plugins/maven/lib/maven3/lib/maven-settings-builder-3.0.5.jar
7f62e013d000-7f62e013e000 r--s 0000a000 08:03 4458984                    /home/randika/Documents/WSO2_stuff/idea-IU-141.2735.5/plugins/maven/lib/maven3/lib/maven-embedder-3.0.5.jar
7f62e013e000-7f62e014a000 r--s 0007d000 08:03 4458983                    /home/randika/Documents/WSO2_stuff/idea-IU-141.2735.5/plugins/maven/lib/maven3/lib/maven-core-3.0.5.jar
7f62e014a000-7f62e0150000 r--s 0002c000 08:03 4459071                    /home/randika/Documents/WSO2_stuff/idea-IU-141.2735.5/plugins/maven/lib/maven3/lib/sisu-inject-plexus-2.3.0.jar
7f62e0150000-7f62e016f000 r--s 00152000 08:03 4459068                    /home/randika/Documents/WSO2_stuff/idea-IU-141.2735.5/plugins/maven/lib/maven3/lib/sisu-guava-0.9.9.jar
7f62e016f000-7f62e019d000 r--s 001fa000 08:03 4459073                    /home/randika/Documents/WSO2_stuff/idea-IU-141.2735.5/plugins/maven/lib/maven3/lib/wagon-http-2.8-shaded.jar
7f62e019d000-7f62e01ce000 rw-p 00000000 00:00 0 
7f62e01ce000-7f62e01d1000 r-xp 00000000 08:01 1446847                    /usr/lib/x86_64-linux-gnu/libgmodule-2.0.so.0.4002.0
7f62e01d1000-7f62e03d0000 ---p 00003000 08:01 1446847                    /usr/lib/x86_64-linux-gnu/libgmodule-2.0.so.0.4002.0
7f62e03d0000-7f62e03d1000 r--p 00002000 08:01 1446847                    /usr/lib/x86_64-linux-gnu/libgmodule-2.0.so.0.4002.0
7f62e03d1000-7f62e03d2000 rw-p 00003000 08:01 1446847                    /usr/lib/x86_64-linux-gnu/libgmodule-2.0.so.0.4002.0
7f62e03d2000-7f62e04d8000 r-xp 00000000 08:01 3670976                    /lib/x86_64-linux-gnu/libglib-2.0.so.0.4002.0
7f62e04d8000-7f62e06d7000 ---p 00106000 08:01 3670976                    /lib/x86_64-linux-gnu/libglib-2.0.so.0.4002.0
7f62e06d7000-7f62e06d8000 r--p 00105000 08:01 3670976                    /lib/x86_64-linux-gnu/libglib-2.0.so.0.4002.0
7f62e06d8000-7f62e06d9000 rw-p 00106000 08:01 3670976                    /lib/x86_64-linux-gnu/libglib-2.0.so.0.4002.0
7f62e06d9000-7f62e06da000 rw-p 00000000 00:00 0 
7f62e06da000-7f62e0729000 r-xp 00000000 08:01 1446848                    /usr/lib/x86_64-linux-gnu/libgobject-2.0.so.0.4002.0
7f62e0729000-7f62e0929000 ---p 0004f000 08:01 1446848                    /usr/lib/x86_64-linux-gnu/libgobject-2.0.so.0.4002.0
7f62e0929000-7f62e092a000 r--p 0004f000 08:01 1446848                    /usr/lib/x86_64-linux-gnu/libgobject-2.0.so.0.4002.0
7f62e092a000-7f62e092b000 rw-p 00050000 08:01 1446848                    /usr/lib/x86_64-linux-gnu/libgobject-2.0.so.0.4002.0
7f62e092b000-7f62e0a97000 r-xp 00000000 08:01 1446850                    /usr/lib/x86_64-linux-gnu/libgio-2.0.so.0.4002.0
7f62e0a97000-7f62e0c96000 ---p 0016c000 08:01 1446850                    /usr/lib/x86_64-linux-gnu/libgio-2.0.so.0.4002.0
7f62e0c96000-7f62e0c9a000 r--p 0016b000 08:01 1446850                    /usr/lib/x86_64-linux-gnu/libgio-2.0.so.0.4002.0
7f62e0c9a000-7f62e0c9c000 rw-p 0016f000 08:01 1446850                    /usr/lib/x86_64-linux-gnu/libgio-2.0.so.0.4002.0
7f62e0c9c000-7f62e0c9e000 rw-p 00000000 00:00 0 
7f62e0c9e000-7f62e0ca3000 r--s 00041000 08:03 4458977                    /home/randika/Documents/WSO2_stuff/idea-IU-141.2735.5/plugins/maven/lib/maven3/lib/commons-lang-2.6.jar
7f62e0ca3000-7f62e0ca5000 r--s 00009000 08:03 4458975                    /home/randika/Documents/WSO2_stuff/idea-IU-141.2735.5/plugins/maven/lib/maven3/lib/commons-cli-1.2.jar
7f62e0ca5000-7f62e0ca9000 r--s 00033000 08:03 4459067                    /home/randika/Documents/WSO2_stuff/idea-IU-141.2735.5/plugins/maven/lib/maven3/lib/plexus-utils-2.0.6.jar
7f62e0ca9000-7f62e0cab000 r--s 00000000 08:03 4459064                    /home/randika/Documents/WSO2_stuff/idea-IU-141.2735.5/plugins/maven/lib/maven3/lib/plexus-component-annotations-1.5.5.jar
7f62e0cab000-7f62e0cb1000 r--s 0003f000 08:03 4458982                    /home/randika/Documents/WSO2_stuff/idea-IU-141.2735.5/plugins/maven/lib/maven3/lib/maven-compat-3.0.5.jar
7f62e0cb1000-7f62e0cb8000 r--s 00040000 08:03 4459070                    /home/randika/Documents/WSO2_stuff/idea-IU-141.2735.5/plugins/maven/lib/maven3/lib/sisu-inject-bean-2.3.0.jar
7f62e0cb8000-7f62e0ccf000 r-xp 00000000 08:01 1972181                    /usr/lib/jvm/java-7-openjdk-amd64/jre/lib/amd64/libnet.so
7f62e0ccf000-7f62e0ece000 ---p 00017000 08:01 1972181                    /usr/lib/jvm/java-7-openjdk-amd64/jre/lib/amd64/libnet.so
7f62e0ece000-7f62e0ecf000 r--p 00016000 08:01 1972181                    /usr/lib/jvm/java-7-openjdk-amd64/jre/lib/amd64/libnet.so
7f62e0ecf000-7f62e0ed0000 rw-p 00017000 08:01 1972181                    /usr/lib/jvm/java-7-openjdk-amd64/jre/lib/amd64/libnet.so
7f62e0ed0000-7f62e0ed3000 ---p 00000000 00:00 0 
7f62e0ed3000-7f62e0fd1000 rw-p 00000000 00:00 0                          [stack:14155]
7f62e0fd1000-7f62e0fd2000 r-xp 00000000 08:03 15610749                   /home/randika/Documents/WSO2_stuff/idea-IU-141.2735.5/bin/libbreakgen64.so
7f62e0fd2000-7f62e11d1000 ---p 00001000 08:03 15610749                   /home/randika/Documents/WSO2_stuff/idea-IU-141.2735.5/bin/libbreakgen64.so
7f62e11d1000-7f62e11d2000 r--p 00000000 08:03 15610749                   /home/randika/Documents/WSO2_stuff/idea-IU-141.2735.5/bin/libbreakgen64.so
7f62e11d2000-7f62e11d3000 rw-p 00001000 08:03 15610749                   /home/randika/Documents/WSO2_stuff/idea-IU-141.2735.5/bin/libbreakgen64.so
7f62e11d3000-7f62e11d4000 ---p 00000000 00:00 0 
7f62e11d4000-7f62e12d4000 rw-p 00000000 00:00 0                          [stack:14154]
7f62e12d4000-7f62e12d7000 ---p 00000000 00:00 0 
7f62e12d7000-7f62e13d5000 rw-p 00000000 00:00 0                          [stack:14153]
7f62e13d5000-7f62e13d8000 ---p 00000000 00:00 0 
7f62e13d8000-7f62e14d6000 rw-p 00000000 00:00 0                          [stack:14152]
7f62e14d6000-7f62e14d9000 ---p 00000000 00:00 0 
7f62e14d9000-7f62e15d7000 rw-p 00000000 00:00 0                          [stack:14151]
7f62e15d7000-7f62e15da000 ---p 00000000 00:00 0 
7f62e15da000-7f62e16d8000 rw-p 00000000 00:00 0                          [stack:14150]
7f62e16d8000-7f62e1dbb000 r--p 00000000 08:01 1449351                    /usr/lib/locale/locale-archive
7f62e1dbb000-7f62e1dbe000 ---p 00000000 00:00 0 
7f62e1dbe000-7f62e1ebc000 rw-p 00000000 00:00 0                          [stack:14149]
7f62e1ebc000-7f62e1ebf000 ---p 00000000 00:00 0 
7f62e1ebf000-7f62e1fbd000 rw-p 00000000 00:00 0                          [stack:14148]
7f62e1fbd000-7f62e1fbe000 ---p 00000000 00:00 0 
7f62e1fbe000-7f62e309a000 rw-p 00000000 00:00 0                          [stack:14147]
7f62e309a000-7f62e324c000 r--s 01d2e000 08:01 1841627                    /usr/lib/jvm/java-7-openjdk-amd64/jre/lib/rt.jar
7f62e324c000-7f62e36da000 rw-p 00000000 00:00 0 
7f62e36da000-7f62e36db000 ---p 00000000 00:00 0 
7f62e36db000-7f62e37db000 rw-p 00000000 00:00 0                          [stack:14146]
7f62e37db000-7f62e37dc000 ---p 00000000 00:00 0 
7f62e37dc000-7f62e38dc000 rw-p 00000000 00:00 0                          [stack:14145]
7f62e38dc000-7f62e38dd000 ---p 00000000 00:00 0 
7f62e38dd000-7f62e39dd000 rw-p 00000000 00:00 0                          [stack:14144]
7f62e39dd000-7f62e39de000 ---p 00000000 00:00 0 
7f62e39de000-7f62e3b06000 rw-p 00000000 00:00 0                          [stack:14143]
7f62e3b06000-7f62e3d62000 rw-p 00000000 00:00 0 
7f62e3d62000-7f62e3d6d000 rw-p 00000000 00:00 0 
7f62e3d6d000-7f62e3db5000 rw-p 00000000 00:00 0 
7f62e3db5000-7f62e3ddd000 rw-p 00000000 00:00 0 
7f62e3ddd000-7f62e4038000 rw-p 00000000 00:00 0 
7f62e4038000-7f62e417a000 rw-p 00000000 00:00 0 
7f62e417a000-7f62e417b000 rw-p 00000000 00:00 0 
7f62e417b000-7f62e452b000 rwxp 00000000 00:00 0 
7f62e452b000-7f62e717b000 rw-p 00000000 00:00 0 
7f62e717b000-7f62e7183000 r-xp 00000000 08:01 1972155                    /usr/lib/jvm/java-7-openjdk-amd64/jre/lib/amd64/libzip.so
7f62e7183000-7f62e7382000 ---p 00008000 08:01 1972155                    /usr/lib/jvm/java-7-openjdk-amd64/jre/lib/amd64/libzip.so
7f62e7382000-7f62e7383000 r--p 00007000 08:01 1972155                    /usr/lib/jvm/java-7-openjdk-amd64/jre/lib/amd64/libzip.so
7f62e7383000-7f62e7384000 rw-p 00008000 08:01 1972155                    /usr/lib/jvm/java-7-openjdk-amd64/jre/lib/amd64/libzip.so
7f62e7384000-7f62e738f000 r-xp 00000000 08:01 3674463                    /lib/x86_64-linux-gnu/libnss_files-2.19.so
7f62e738f000-7f62e758e000 ---p 0000b000 08:01 3674463                    /lib/x86_64-linux-gnu/libnss_files-2.19.so
7f62e758e000-7f62e758f000 r--p 0000a000 08:01 3674463                    /lib/x86_64-linux-gnu/libnss_files-2.19.so
7f62e758f000-7f62e7590000 rw-p 0000b000 08:01 3674463                    /lib/x86_64-linux-gnu/libnss_files-2.19.so
7f62e7590000-7f62e759b000 r-xp 00000000 08:01 3674483                    /lib/x86_64-linux-gnu/libnss_nis-2.19.so
7f62e759b000-7f62e779a000 ---p 0000b000 08:01 3674483                    /lib/x86_64-linux-gnu/libnss_nis-2.19.so
7f62e779a000-7f62e779b000 r--p 0000a000 08:01 3674483                    /lib/x86_64-linux-gnu/libnss_nis-2.19.so
7f62e779b000-7f62e779c000 rw-p 0000b000 08:01 3674483                    /lib/x86_64-linux-gnu/libnss_nis-2.19.so
7f62e779c000-7f62e77b3000 r-xp 00000000 08:01 3674472                    /lib/x86_64-linux-gnu/libnsl-2.19.so
7f62e77b3000-7f62e79b2000 ---p 00017000 08:01 3674472                    /lib/x86_64-linux-gnu/libnsl-2.19.so
7f62e79b2000-7f62e79b3000 r--p 00016000 08:01 3674472                    /lib/x86_64-linux-gnu/libnsl-2.19.so
7f62e79b3000-7f62e79b4000 rw-p 00017000 08:01 3674472                    /lib/x86_64-linux-gnu/libnsl-2.19.so
7f62e79b4000-7f62e79b6000 rw-p 00000000 00:00 0 
7f62e79b6000-7f62e79bf000 r-xp 00000000 08:01 3674471                    /lib/x86_64-linux-gnu/libnss_compat-2.19.so
7f62e79bf000-7f62e7bbe000 ---p 00009000 08:01 3674471                    /lib/x86_64-linux-gnu/libnss_compat-2.19.so
7f62e7bbe000-7f62e7bbf000 r--p 00008000 08:01 3674471                    /lib/x86_64-linux-gnu/libnss_compat-2.19.so
7f62e7bbf000-7f62e7bc0000 rw-p 00009000 08:01 3674471                    /lib/x86_64-linux-gnu/libnss_compat-2.19.so
7f62e7bc0000-7f62e7beb000 r-xp 00000000 08:01 1972163                    /usr/lib/jvm/java-7-openjdk-amd64/jre/lib/amd64/libjava.so
7f62e7beb000-7f62e7deb000 ---p 0002b000 08:01 1972163                    /usr/lib/jvm/java-7-openjdk-amd64/jre/lib/amd64/libjava.so
7f62e7deb000-7f62e7dec000 r--p 0002b000 08:01 1972163                    /usr/lib/jvm/java-7-openjdk-amd64/jre/lib/amd64/libjava.so
7f62e7dec000-7f62e7dee000 rw-p 0002c000 08:01 1972163                    /usr/lib/jvm/java-7-openjdk-amd64/jre/lib/amd64/libjava.so
7f62e7dee000-7f62e7dfe000 r-xp 00000000 08:01 1972177                    /usr/lib/jvm/java-7-openjdk-amd64/jre/lib/amd64/libverify.so
7f62e7dfe000-7f62e7ffd000 ---p 00010000 08:01 1972177                    /usr/lib/jvm/java-7-openjdk-amd64/jre/lib/amd64/libverify.so
7f62e7ffd000-7f62e7fff000 r--p 0000f000 08:01 1972177                    /usr/lib/jvm/java-7-openjdk-amd64/jre/lib/amd64/libverify.so
7f62e7fff000-7f62e8000000 rw-p 00011000 08:01 1972177                    /usr/lib/jvm/java-7-openjdk-amd64/jre/lib/amd64/libverify.so
7f62e8000000-7f62e8a65000 rw-p 00000000 00:00 0 
7f62e8a65000-7f62ec000000 ---p 00000000 00:00 0 
7f62ec000000-7f62ec001000 r--s 00006000 08:03 4459066                    /home/randika/Documents/WSO2_stuff/idea-IU-141.2735.5/plugins/maven/lib/maven3/lib/plexus-sec-dispatcher-1.3.jar
7f62ec001000-7f62ec003000 r--s 00026000 08:03 4458985                    /home/randika/Documents/WSO2_stuff/idea-IU-141.2735.5/plugins/maven/lib/maven3/lib/maven-model-3.0.5.jar
7f62ec003000-7f62ec004000 r--s 00002000 08:03 4459072                    /home/randika/Documents/WSO2_stuff/idea-IU-141.2735.5/plugins/maven/lib/maven3/lib/wagon-file-2.8.jar
7f62ec004000-7f62ec006000 r--s 00002000 08:03 4459063                    /home/randika/Documents/WSO2_stuff/idea-IU-141.2735.5/plugins/maven/lib/maven3/lib/plexus-cipher-1.7.jar
7f62ec006000-7f62ec00a000 r--s 00027000 08:03 4458976                    /home/randika/Documents/WSO2_stuff/idea-IU-141.2735.5/plugins/maven/lib/maven3/lib/commons-io-2.2.jar
7f62ec00a000-7f62ec0e2000 rw-p 00000000 00:00 0 
7f62ec0e2000-7f62ec12a000 rw-p 00000000 00:00 0 
7f62ec12a000-7f62ec131000 r-xp 00000000 08:01 3674480                    /lib/x86_64-linux-gnu/librt-2.19.so
7f62ec131000-7f62ec330000 ---p 00007000 08:01 3674480                    /lib/x86_64-linux-gnu/librt-2.19.so
7f62ec330000-7f62ec331000 r--p 00006000 08:01 3674480                    /lib/x86_64-linux-gnu/librt-2.19.so
7f62ec331000-7f62ec332000 rw-p 00007000 08:01 3674480                    /lib/x86_64-linux-gnu/librt-2.19.so
7f62ec332000-7f62ec348000 r-xp 00000000 08:01 3672900                    /lib/x86_64-linux-gnu/libgcc_s.so.1
7f62ec348000-7f62ec547000 ---p 00016000 08:01 3672900                    /lib/x86_64-linux-gnu/libgcc_s.so.1
7f62ec547000-7f62ec548000 rw-p 00015000 08:01 3672900                    /lib/x86_64-linux-gnu/libgcc_s.so.1
7f62ec548000-7f62ec64d000 r-xp 00000000 08:01 3674462                    /lib/x86_64-linux-gnu/libm-2.19.so
7f62ec64d000-7f62ec84c000 ---p 00105000 08:01 3674462                    /lib/x86_64-linux-gnu/libm-2.19.so
7f62ec84c000-7f62ec84d000 r--p 00104000 08:01 3674462                    /lib/x86_64-linux-gnu/libm-2.19.so
7f62ec84d000-7f62ec84e000 rw-p 00105000 08:01 3674462                    /lib/x86_64-linux-gnu/libm-2.19.so
7f62ec84e000-7f62ec934000 r-xp 00000000 08:01 1443706                    /usr/lib/x86_64-linux-gnu/libstdc++.so.6.0.19
7f62ec934000-7f62ecb33000 ---p 000e6000 08:01 1443706                    /usr/lib/x86_64-linux-gnu/libstdc++.so.6.0.19
7f62ecb33000-7f62ecb3b000 r--p 000e5000 08:01 1443706                    /usr/lib/x86_64-linux-gnu/libstdc++.so.6.0.19
7f62ecb3b000-7f62ecb3d000 rw-p 000ed000 08:01 1443706                    /usr/lib/x86_64-linux-gnu/libstdc++.so.6.0.19
7f62ecb3d000-7f62ecb52000 rw-p 00000000 00:00 0 
7f62ecb52000-7f62ed676000 r-xp 00000000 08:01 1972169                    /usr/lib/jvm/java-7-openjdk-amd64/jre/lib/amd64/server/libjvm.so
7f62ed676000-7f62ed876000 ---p 00b24000 08:01 1972169                    /usr/lib/jvm/java-7-openjdk-amd64/jre/lib/amd64/server/libjvm.so
7f62ed876000-7f62ed910000 r--p 00b24000 08:01 1972169                    /usr/lib/jvm/java-7-openjdk-amd64/jre/lib/amd64/server/libjvm.so
7f62ed910000-7f62ed933000 rw-p 00bbe000 08:01 1972169                    /usr/lib/jvm/java-7-openjdk-amd64/jre/lib/amd64/server/libjvm.so
7f62ed933000-7f62ed961000 rw-p 00000000 00:00 0 
7f62ed961000-7f62ed979000 r-xp 00000000 08:01 3674205                    /lib/x86_64-linux-gnu/libz.so.1.2.8
7f62ed979000-7f62edb78000 ---p 00018000 08:01 3674205                    /lib/x86_64-linux-gnu/libz.so.1.2.8
7f62edb78000-7f62edb79000 r--p 00017000 08:01 3674205                    /lib/x86_64-linux-gnu/libz.so.1.2.8
7f62edb79000-7f62edb7a000 rw-p 00018000 08:01 3674205                    /lib/x86_64-linux-gnu/libz.so.1.2.8
7f62edb7a000-7f62edb93000 r-xp 00000000 08:01 3674478                    /lib/x86_64-linux-gnu/libpthread-2.19.so
7f62edb93000-7f62edd92000 ---p 00019000 08:01 3674478                    /lib/x86_64-linux-gnu/libpthread-2.19.so
7f62edd92000-7f62edd93000 r--p 00018000 08:01 3674478                    /lib/x86_64-linux-gnu/libpthread-2.19.so
7f62edd93000-7f62edd94000 rw-p 00019000 08:01 3674478                    /lib/x86_64-linux-gnu/libpthread-2.19.so
7f62edd94000-7f62edd98000 rw-p 00000000 00:00 0 
7f62edd98000-7f62edd9b000 r-xp 00000000 08:01 3674466                    /lib/x86_64-linux-gnu/libdl-2.19.so
7f62edd9b000-7f62edf9a000 ---p 00003000 08:01 3674466                    /lib/x86_64-linux-gnu/libdl-2.19.so
7f62edf9a000-7f62edf9b000 r--p 00002000 08:01 3674466                    /lib/x86_64-linux-gnu/libdl-2.19.so
7f62edf9b000-7f62edf9c000 rw-p 00003000 08:01 3674466                    /lib/x86_64-linux-gnu/libdl-2.19.so
7f62edf9c000-7f62ee157000 r-xp 00000000 08:01 3674477                    /lib/x86_64-linux-gnu/libc-2.19.so
7f62ee157000-7f62ee356000 ---p 001bb000 08:01 3674477                    /lib/x86_64-linux-gnu/libc-2.19.so
7f62ee356000-7f62ee35a000 r--p 001ba000 08:01 3674477                    /lib/x86_64-linux-gnu/libc-2.19.so
7f62ee35a000-7f62ee35c000 rw-p 001be000 08:01 3674477                    /lib/x86_64-linux-gnu/libc-2.19.so
7f62ee35c000-7f62ee361000 rw-p 00000000 00:00 0 
7f62ee361000-7f62ee36e000 r-xp 00000000 08:01 1972178                    /usr/lib/jvm/java-7-openjdk-amd64/jre/lib/amd64/jli/libjli.so
7f62ee36e000-7f62ee56d000 ---p 0000d000 08:01 1972178                    /usr/lib/jvm/java-7-openjdk-amd64/jre/lib/amd64/jli/libjli.so
7f62ee56d000-7f62ee56e000 r--p 0000c000 08:01 1972178                    /usr/lib/jvm/java-7-openjdk-amd64/jre/lib/amd64/jli/libjli.so
7f62ee56e000-7f62ee56f000 rw-p 0000d000 08:01 1972178                    /usr/lib/jvm/java-7-openjdk-amd64/jre/lib/amd64/jli/libjli.so
7f62ee56f000-7f62ee592000 r-xp 00000000 08:01 3674474                    /lib/x86_64-linux-gnu/ld-2.19.so
7f62ee592000-7f62ee593000 r--s 00002000 08:03 4459074                    /home/randika/Documents/WSO2_stuff/idea-IU-141.2735.5/plugins/maven/lib/maven3/lib/wagon-http-shared-2.8.jar
7f62ee593000-7f62ee597000 r--s 00021000 08:03 4458986                    /home/randika/Documents/WSO2_stuff/idea-IU-141.2735.5/plugins/maven/lib/maven3/lib/maven-model-builder-3.0.5.jar
7f62ee597000-7f62ee599000 r--s 00006000 08:03 4458971                    /home/randika/Documents/WSO2_stuff/idea-IU-141.2735.5/plugins/maven/lib/maven3/lib/aether-connector-wagon-1.13.1.jar
7f62ee599000-7f62ee5a1000 r--s 00050000 08:03 4459069                    /home/randika/Documents/WSO2_stuff/idea-IU-141.2735.5/plugins/maven/lib/maven3/lib/sisu-guice-3.1.0-no_aop.jar
7f62ee5a1000-7f62ee5a3000 r--s 0000b000 08:03 4458987                    /home/randika/Documents/WSO2_stuff/idea-IU-141.2735.5/plugins/maven/lib/maven3/lib/maven-plugin-api-3.0.5.jar
7f62ee5a3000-7f62ee5a5000 r--s 0000d000 08:03 4459065                    /home/randika/Documents/WSO2_stuff/idea-IU-141.2735.5/plugins/maven/lib/maven3/lib/plexus-interpolation-1.14.jar
7f62ee5a5000-7f62ee5a7000 r--s 0000c000 08:03 4458980                    /home/randika/Documents/WSO2_stuff/idea-IU-141.2735.5/plugins/maven/lib/maven3/lib/maven-aether-provider-3.0.5.jar
7f62ee5a7000-7f62ee5a9000 r--s 00016000 08:03 15610986                   /home/randika/Documents/WSO2_stuff/idea-IU-141.2735.5/lib/idea_rt.jar
7f62ee5a9000-7f62ee5ab000 r--s 0000a000 08:03 4329699                    /home/randika/Documents/WSO2_stuff/idea-IU-141.2735.5/plugins/maven/lib/maven3/boot/plexus-classworlds-2.4.jar
7f62ee5ab000-7f62ee5af000 r--s 00085000 08:01 1841620                    /usr/lib/jvm/java-7-openjdk-amd64/jre/lib/ext/localedata.jar
7f62ee5af000-7f62ee5be000 rw-p 00000000 00:00 0 
7f62ee5be000-7f62ee66f000 rw-p 00000000 00:00 0 
7f62ee66f000-7f62ee672000 ---p 00000000 00:00 0 
7f62ee672000-7f62ee775000 rw-p 00000000 00:00 0                          [stack:14142]
7f62ee775000-7f62ee778000 r--s 0000f000 08:01 1841621                    /usr/lib/jvm/java-7-openjdk-amd64/jre/lib/ext/icedtea-sound.jar
7f62ee778000-7f62ee77c000 r--s 00034000 08:01 1841622                    /usr/lib/jvm/java-7-openjdk-amd64/jre/lib/ext/sunjce_provider.jar
7f62ee77c000-7f62ee780000 r--s 0003c000 08:01 1841623                    /usr/lib/jvm/java-7-openjdk-amd64/jre/lib/ext/sunpkcs11.jar
7f62ee780000-7f62ee782000 r--s 00006000 08:01 1850253                    /usr/share/java/java-atk-wrapper.jar
7f62ee782000-7f62ee783000 r--s 00002000 08:01 1841624                    /usr/lib/jvm/java-7-openjdk-amd64/jre/lib/ext/dnsns.jar
7f62ee783000-7f62ee785000 r--s 00012000 08:01 1841619                    /usr/lib/jvm/java-7-openjdk-amd64/jre/lib/ext/zipfs.jar
7f62ee785000-7f62ee78d000 rw-s 00000000 08:01 1179755                    /tmp/hsperfdata_randika/14140
7f62ee78d000-7f62ee78e000 rw-p 00000000 00:00 0 
7f62ee78e000-7f62ee78f000 ---p 00000000 00:00 0 
7f62ee78f000-7f62ee791000 rw-p 00000000 00:00 0 
7f62ee791000-7f62ee792000 r--p 00022000 08:01 3674474                    /lib/x86_64-linux-gnu/ld-2.19.so
7f62ee792000-7f62ee793000 rw-p 00023000 08:01 3674474                    /lib/x86_64-linux-gnu/ld-2.19.so
7f62ee793000-7f62ee794000 rw-p 00000000 00:00 0 
7ffeb411f000-7ffeb4140000 rw-p 00000000 00:00 0                          [stack]
7ffeb4189000-7ffeb418b000 r-xp 00000000 00:00 0                          [vdso]
ffffffffff600000-ffffffffff601000 r-xp 00000000 00:00 0                  [vsyscall]

VM Arguments:
jvm_args: -Dmaven.home=/home/randika/Documents/WSO2_stuff/idea-IU-141.2735.5/plugins/maven/lib/maven3 -Dclassworlds.conf=/home/randika/Documents/WSO2_stuff/idea-IU-141.2735.5/plugins/maven/lib/maven3/bin/m2.conf -Didea.launcher.port=7533 -Didea.launcher.bin.path=/home/randika/Documents/WSO2_stuff/idea-IU-141.2735.5/bin -Dfile.encoding=UTF-8 
java_command: com.intellij.rt.execution.application.AppMain org.codehaus.classworlds.Launcher -Didea.version=14.1.5 clean install -Dmaven.test.skip=true
Launcher Type: SUN_STANDARD

Environment Variables:
PATH=/usr/local/sbin:/usr/local/bin:/usr/sbin:/usr/bin:/sbin:/bin:/usr/games:/usr/local/games
SHELL=/bin/bash
DISPLAY=:0

Signal Handlers:
SIGSEGV: [libjvm.so+0x9548f0], sa_mask[0]=0x7ffbfeff, sa_flags=0x10000004
SIGBUS: [libjvm.so+0x9548f0], sa_mask[0]=0x7ffbfeff, sa_flags=0x10000004
SIGFPE: [libjvm.so+0x7cb0b0], sa_mask[0]=0x7ffbfeff, sa_flags=0x10000004
SIGPIPE: [libjvm.so+0x7cb0b0], sa_mask[0]=0x7ffbfeff, sa_flags=0x10000004
SIGXFSZ: [libjvm.so+0x7cb0b0], sa_mask[0]=0x7ffbfeff, sa_flags=0x10000004
SIGILL: [libjvm.so+0x7cb0b0], sa_mask[0]=0x7ffbfeff, sa_flags=0x10000004
SIGUSR1: SIG_DFL, sa_mask[0]=0x00000000, sa_flags=0x00000000
SIGUSR2: [libjvm.so+0x7caf50], sa_mask[0]=0x00000004, sa_flags=0x10000004
SIGHUP: [libjvm.so+0x7cb130], sa_mask[0]=0x7ffbfeff, sa_flags=0x10000004
SIGINT: [libjvm.so+0x7cb130], sa_mask[0]=0x7ffbfeff, sa_flags=0x10000004
SIGTERM: [libjvm.so+0x7cb130], sa_mask[0]=0x7ffbfeff, sa_flags=0x10000004
SIGQUIT: [libjvm.so+0x7cb130], sa_mask[0]=0x7ffbfeff, sa_flags=0x10000004
SIGTRAP: SIG_DFL, sa_mask[0]=0x00000000, sa_flags=0x00000000


---------------  S Y S T E M  ---------------

OS:Ubuntu 14.04 (trusty)
uname:Linux 3.13.0-76-generic #120-Ubuntu SMP Mon Jan 18 15:59:10 UTC 2016 x86_64
libc:glibc 2.19 NPTL 2.19 
rlimit: STACK 8192k, CORE 0k, NPROC 61555, NOFILE 4096, AS infinity
load average:9.64 8.82 8.38

/proc/meminfo:
MemTotal:        7900740 kB
MemFree:          490856 kB
Buffers:           72504 kB
Cached:          1205740 kB
SwapCached:       111248 kB
Active:          5599796 kB
Inactive:        1475440 kB
Active(anon):    4876444 kB
Inactive(anon):  1212468 kB
Active(file):     723352 kB
Inactive(file):   262972 kB
Unevictable:         172 kB
Mlocked:             172 kB
SwapTotal:       3906556 kB
SwapFree:        2512336 kB
Dirty:               324 kB
Writeback:             0 kB
AnonPages:       5721876 kB
Mapped:           165476 kB
Shmem:            291836 kB
Slab:             190628 kB
SReclaimable:     145516 kB
SUnreclaim:        45112 kB
KernelStack:        5624 kB
PageTables:        59096 kB
NFS_Unstable:          0 kB
Bounce:                0 kB
WritebackTmp:          0 kB
CommitLimit:     7856924 kB
Committed_AS:   14095420 kB
VmallocTotal:   34359738367 kB
VmallocUsed:      552996 kB
VmallocChunk:   34359177692 kB
HardwareCorrupted:     0 kB
AnonHugePages:   4093952 kB
HugePages_Total:       0
HugePages_Free:        0
HugePages_Rsvd:        0
HugePages_Surp:        0
Hugepagesize:       2048 kB
DirectMap4k:       80704 kB
DirectMap2M:     8030208 kB


CPU:total 4 (2 cores per cpu, 2 threads per core) family 6 model 37 stepping 2, cmov, cx8, fxsr, mmx, sse, sse2, sse3, ssse3, sse4.1, sse4.2, popcnt, aes, ht, tsc, tscinvbit

/proc/cpuinfo:
processor	: 0
vendor_id	: GenuineIntel
cpu family	: 6
model		: 37
model name	: Intel(R) Core(TM) i5 CPU       M 520  @ 2.40GHz
stepping	: 2
microcode	: 0xc
cpu MHz		: 2400.000
cache size	: 3072 KB
physical id	: 0
siblings	: 4
core id		: 0
cpu cores	: 2
apicid		: 0
initial apicid	: 0
fpu		: yes
fpu_exception	: yes
cpuid level	: 11
wp		: yes
flags		: fpu vme de pse tsc msr pae mce cx8 apic sep mtrr pge mca cmov pat pse36 clflush dts acpi mmx fxsr sse sse2 ss ht tm pbe syscall nx rdtscp lm constant_tsc arch_perfmon pebs bts rep_good nopl xtopology nonstop_tsc aperfmperf pni pclmulqdq dtes64 monitor ds_cpl vmx smx est tm2 ssse3 cx16 xtpr pdcm sse4_1 sse4_2 popcnt aes lahf_lm ida arat dtherm tpr_shadow vnmi flexpriority ept vpid
bogomips	: 4787.80
clflush size	: 64
cache_alignment	: 64
address sizes	: 36 bits physical, 48 bits virtual
power management:

processor	: 1
vendor_id	: GenuineIntel
cpu family	: 6
model		: 37
model name	: Intel(R) Core(TM) i5 CPU       M 520  @ 2.40GHz
stepping	: 2
microcode	: 0xc
cpu MHz		: 2400.000
cache size	: 3072 KB
physical id	: 0
siblings	: 4
core id		: 0
cpu cores	: 2
apicid		: 1
initial apicid	: 1
fpu		: yes
fpu_exception	: yes
cpuid level	: 11
wp		: yes
flags		: fpu vme de pse tsc msr pae mce cx8 apic sep mtrr pge mca cmov pat pse36 clflush dts acpi mmx fxsr sse sse2 ss ht tm pbe syscall nx rdtscp lm constant_tsc arch_perfmon pebs bts rep_good nopl xtopology nonstop_tsc aperfmperf pni pclmulqdq dtes64 monitor ds_cpl vmx smx est tm2 ssse3 cx16 xtpr pdcm sse4_1 sse4_2 popcnt aes lahf_lm ida arat dtherm tpr_shadow vnmi flexpriority ept vpid
bogomips	: 4787.80
clflush size	: 64
cache_alignment	: 64
address sizes	: 36 bits physical, 48 bits virtual
power management:

processor	: 2
vendor_id	: GenuineIntel
cpu family	: 6
model		: 37
model name	: Intel(R) Core(TM) i5 CPU       M 520  @ 2.40GHz
stepping	: 2
microcode	: 0xc
cpu MHz		: 2400.000
cache size	: 3072 KB
physical id	: 0
siblings	: 4
core id		: 2
cpu cores	: 2
apicid		: 4
initial apicid	: 4
fpu		: yes
fpu_exception	: yes
cpuid level	: 11
wp		: yes
flags		: fpu vme de pse tsc msr pae mce cx8 apic sep mtrr pge mca cmov pat pse36 clflush dts acpi mmx fxsr sse sse2 ss ht tm pbe syscall nx rdtscp lm constant_tsc arch_perfmon pebs bts rep_good nopl xtopology nonstop_tsc aperfmperf pni pclmulqdq dtes64 monitor ds_cpl vmx smx est tm2 ssse3 cx16 xtpr pdcm sse4_1 sse4_2 popcnt aes lahf_lm ida arat dtherm tpr_shadow vnmi flexpriority ept vpid
bogomips	: 4787.80
clflush size	: 64
cache_alignment	: 64
address sizes	: 36 bits physical, 48 bits virtual
power management:

processor	: 3
vendor_id	: GenuineIntel
cpu family	: 6
model		: 37
model name	: Intel(R) Core(TM) i5 CPU       M 520  @ 2.40GHz
stepping	: 2
microcode	: 0xc
cpu MHz		: 2400.000
cache size	: 3072 KB
physical id	: 0
siblings	: 4
core id		: 2
cpu cores	: 2
apicid		: 5
initial apicid	: 5
fpu		: yes
fpu_exception	: yes
cpuid level	: 11
wp		: yes
flags		: fpu vme de pse tsc msr pae mce cx8 apic sep mtrr pge mca cmov pat pse36 clflush dts acpi mmx fxsr sse sse2 ss ht tm pbe syscall nx rdtscp lm constant_tsc arch_perfmon pebs bts rep_good nopl xtopology nonstop_tsc aperfmperf pni pclmulqdq dtes64 monitor ds_cpl vmx smx est tm2 ssse3 cx16 xtpr pdcm sse4_1 sse4_2 popcnt aes lahf_lm ida arat dtherm tpr_shadow vnmi flexpriority ept vpid
bogomips	: 4787.80
clflush size	: 64
cache_alignment	: 64
address sizes	: 36 bits physical, 48 bits virtual
power management:



Memory: 4k page, physical 7900740k(490608k free), swap 3906556k(2512336k free)

vm_info: OpenJDK 64-Bit Server VM (24.91-b01) for linux-amd64 JRE (1.7.0_91-b02), built on Nov 19 2015 06:14:37 by "buildd" with gcc 4.8.2

time: Wed Feb  3 19:07:34 2016
elapsed time: 47 seconds

